Arguments: 
  /Users/daniloassis/.nvm/versions/node/v16.16.0/bin/node /opt/homebrew/bin/yarn generate

PATH: 
  /Users/daniloassis/.cargo/bin:/Users/daniloassis/.autojump/bin:/Users/daniloassis/.nvm/versions/node/v16.16.0/bin:/Users/daniloassis/Android/sdk/platform-tools:/Users/daniloassis/Android/sdk/tools:/opt/homebrew/bin:/usr/local/bin:/usr/bin:/bin:/usr/sbin:/sbin:/opt/local/bin:/opt/local/sbin:/usr/local/go/bin:/Library/Apple/usr/bin:/usr/local/opt/node@16/bin:/Users/daniloassis/Android/Sdk/emulator:/Users/daniloassis/Android/Sdk/tools:/Users/daniloassis/Android/Sdk/tools/bin:/Users/daniloassis/Android/Sdk/platform-tools

Yarn version: 
  1.22.11

Node version: 
  16.16.0

Platform: 
  darwin arm64

Trace: 
  SyntaxError: /Users/daniloassis/Documents/projects/dab/generate-secret-key/package.json: Unexpected token { in JSON at position 149
      at JSON.parse (<anonymous>)
      at /opt/homebrew/lib/node_modules/yarn/lib/cli.js:1625:59
      at Generator.next (<anonymous>)
      at step (/opt/homebrew/lib/node_modules/yarn/lib/cli.js:310:30)
      at /opt/homebrew/lib/node_modules/yarn/lib/cli.js:321:13

npm manifest: 
  {
    "name": "generate-secret-key",
    "version": "1.0.0",
    "main": "index.js",
    "license": "MIT",
    "dependencies": {
      "crypto": "^1.0.1"
    },
    {
     "generate": "node -e "console.log(require('crypto').randomBytes(256).toString('base64'));""
    }
  }

yarn manifest: 
  No manifest

Lockfile: 
  # THIS IS AN AUTOGENERATED FILE. DO NOT EDIT THIS FILE DIRECTLY.
  # yarn lockfile v1
  
  
  crypto@^1.0.1:
    version "1.0.1"
    resolved "https://registry.yarnpkg.com/crypto/-/crypto-1.0.1.tgz#2af1b7cad8175d24c8a1b0778255794a21803037"
    integrity sha512-VxBKmeNcqQdiUQUW2Tzq0t377b54N2bMtXO/qiLa+6eRRmmC4qT3D4OnTGoT/U6O9aklQ/jTwbOtRMTTY8G0Ig==
